1618933695830	mozrunner::runner	INFO	Running command: "/usr/bin/firefox" "-marionette" "-foreground" "-no-remote" "-profile" "/tmp/rust_mozprofile.JC3frxcqzXWi"
console.warn: SearchSettings: "get: No settings file exists, new profile?" (new Error("", "(unknown module)"))
1618933698387	Marionette	INFO	Listening on port 37351
1618933698454	Marionette	WARN	TLS certificate errors will be ignored for this session
1618933699485	Marionette	INFO	Stopped listening on port 37351
JavaScript error: resource://gre/modules/AsyncShutdown.jsm, line 718: Error: Phase "Sqlite.jsm: wait until all connections are closed" is finished, it is too late to register completion condition "protections.sqlite#0: waiting for shutdown"

###!!! [Parent][RunMessage] Error: Channel closing: too late to send/recv, messages will be lost

1618933700100	mozrunner::runner	INFO	Running command: "/usr/bin/firefox" "-marionette" "-foreground" "-no-remote" "-profile" "/tmp/rust_mozprofile.Rv4Wb7RcSPdP"
console.warn: SearchSettings: "get: No settings file exists, new profile?" (new Error("", "(unknown module)"))
1618933702569	Marionette	INFO	Listening on port 35497
1618933702629	Marionette	WARN	TLS certificate errors will be ignored for this session
1618933703872	Marionette	INFO	Stopped listening on port 35497
JavaScript error: resource://devtools-client-jsonview/lib/require.js, line 170: Error: Script error for: devtools/client/shared/components/reps/reps/rep-utils
http://requirejs.org/docs/errors.html#scripterror
JavaScript error: resource://devtools-client-jsonview/lib/require.js, line 170: Error: Script error for: devtools/client/shared/components/reps/shared/dom-node-constants
http://requirejs.org/docs/errors.html#scripterror
JavaScript error: resource://devtools-client-jsonview/lib/require.js, line 170: Error: Script error for: devtools/client/shared/components/reps/reps/prop-rep
http://requirejs.org/docs/errors.html#scripterror
1618933704442	mozrunner::runner	INFO	Running command: "/usr/bin/firefox" "-marionette" "-foreground" "-no-remote" "-profile" "/tmp/rust_mozprofile.bdRyaN46Tbjk"
console.warn: SearchSettings: "get: No settings file exists, new profile?" (new Error("", "(unknown module)"))
1618933706643	Marionette	INFO	Listening on port 41479
1618933706668	Marionette	WARN	TLS certificate errors will be ignored for this session
console.error: Region.jsm: "Error fetching region" (new TypeError("NetworkError when attempting to fetch resource.", ""))
console.error: Region.jsm: "Failed to fetch region" (new Error("NO_RESULT", "resource://gre/modules/Region.jsm", 419))
console.error: services.settings: 
  main/message-groups Signature failed  TypeError: NetworkError when attempting to fetch resource.
1618933710822	Marionette	INFO	Stopped listening on port 41479
1619459739937	mozrunner::runner	INFO	Running command: "/usr/bin/firefox" "-marionette" "-foreground" "-no-remote" "-profile" "/tmp/rust_mozprofile.657ENCykif4N"
console.warn: SearchSettings: "get: No settings file exists, new profile?" (new Error("", "(unknown module)"))
1619459742842	Marionette	INFO	Listening on port 40557
1619459742876	Marionette	WARN	TLS certificate errors will be ignored for this session
1619459754168	Marionette	INFO	Stopped listening on port 40557
1619459754820	mozrunner::runner	INFO	Running command: "/usr/bin/firefox" "-marionette" "-foreground" "-no-remote" "-profile" "/tmp/rust_mozprofile.HHwg0vlcGz0b"
console.warn: SearchSettings: "get: No settings file exists, new profile?" (new Error("", "(unknown module)"))
1619459757746	Marionette	INFO	Listening on port 44569
1619459757848	Marionette	WARN	TLS certificate errors will be ignored for this session
1619459759000	Marionette	INFO	Stopped listening on port 44569
JavaScript error: resource://gre/modules/AsyncShutdown.jsm, line 718: Error: Phase "Sqlite.jsm: wait until all connections are closed" is finished, it is too late to register completion condition "protections.sqlite#0: waiting for shutdown"
1619459769641	mozrunner::runner	INFO	Running command: "/usr/bin/firefox" "-marionette" "-foreground" "-no-remote" "-profile" "/tmp/rust_mozprofile.btMggOny8KBo"
console.warn: SearchSettings: "get: No settings file exists, new profile?" (new Error("", "(unknown module)"))
1619459772460	Marionette	INFO	Listening on port 39903
1619459772566	Marionette	WARN	TLS certificate errors will be ignored for this session
1619459773795	Marionette	INFO	Stopped listening on port 39903
JavaScript error: resource://devtools-client-jsonview/lib/require.js, line 170: Error: Script error for: devtools/client/jsonview/components/SearchBox
http://requirejs.org/docs/errors.html#scripterror
JavaScript error: resource://devtools-client-jsonview/lib/require.js, line 170: Error: Script error for: devtools/client/jsonview/components/reps/Toolbar
http://requirejs.org/docs/errors.html#scripterror
JavaScript error: resource://devtools-client-jsonview/lib/require.js, line 170: Error: Script error for: devtools/client/shared/components/reps/reps/undefined
http://requirejs.org/docs/errors.html#scripterror
JavaScript error: resource://devtools-client-jsonview/lib/require.js, line 170: Error: Script error for: devtools/client/shared/components/reps/reps/null
http://requirejs.org/docs/errors.html#scripterror
JavaScript error: resource://devtools-client-jsonview/lib/require.js, line 170: Error: Script error for: devtools/client/shared/components/reps/reps/string
http://requirejs.org/docs/errors.html#scripterror
JavaScript error: resource://devtools-client-jsonview/lib/require.js, line 170: Error: Script error for: devtools/client/shared/components/reps/reps/number
http://requirejs.org/docs/errors.html#scripterror
JavaScript error: resource://devtools-client-jsonview/lib/require.js, line 170: Error: Script error for: devtools/client/shared/components/reps/reps/array
http://requirejs.org/docs/errors.html#scripterror
JavaScript error: resource://devtools-client-jsonview/lib/require.js, line 170: Error: Script error for: devtools/client/shared/components/reps/reps/object
http://requirejs.org/docs/errors.html#scripterror
JavaScript error: resource://devtools-client-jsonview/lib/require.js, line 170: Error: Script error for: devtools/client/shared/components/reps/reps/symbol
http://requirejs.org/docs/errors.html#scripterror
JavaScript error: resource://devtools-client-jsonview/lib/require.js, line 170: Error: Script error for: devtools/client/shared/components/reps/reps/infinity
http://requirejs.org/docs/errors.html#scripterror
JavaScript error: resource://devtools-client-jsonview/lib/require.js, line 170: Error: Script error for: devtools/client/shared/components/reps/reps/nan
http://requirejs.org/docs/errors.html#scripterror
JavaScript error: resource://devtools-client-jsonview/lib/require.js, line 170: Error: Script error for: devtools/client/shared/components/reps/reps/accessor
http://requirejs.org/docs/errors.html#scripterror
JavaScript error: resource://devtools-client-jsonview/lib/require.js, line 170: Error: Script error for: devtools/client/shared/components/reps/reps/accessible
http://requirejs.org/docs/errors.html#scripterror
JavaScript error: resource://devtools-client-jsonview/lib/require.js, line 170: Error: Script error for: devtools/client/shared/components/reps/reps/attribute
http://requirejs.org/docs/errors.html#scripterror
JavaScript error: resource://devtools-client-jsonview/lib/require.js, line 170: Error: Script error for: devtools/client/shared/components/reps/reps/big-int
http://requirejs.org/docs/errors.html#scripterror
JavaScript error: resource://devtools-client-jsonview/lib/require.js, line 170: Error: Script error for: devtools/client/shared/components/reps/reps/date-time
http://requirejs.org/docs/errors.html#scripterror
JavaScript error: resource://devtools-client-jsonview/lib/require.js, line 170: Error: Script error for: devtools/client/shared/components/reps/reps/document
http://requirejs.org/docs/errors.html#scripterror
JavaScript error: resource://devtools-client-jsonview/lib/require.js, line 170: Error: Script error for: devtools/client/shared/components/reps/reps/document-type
http://requirejs.org/docs/errors.html#scripterror
JavaScript error: resource://devtools-client-jsonview/lib/require.js, line 170: Error: Script error for: devtools/client/shared/components/reps/reps/event
http://requirejs.org/docs/errors.html#scripterror
JavaScript error: resource://devtools-client-jsonview/lib/require.js, line 170: Error: Script error for: devtools/client/shared/components/reps/reps/function
http://requirejs.org/docs/errors.html#scripterror
JavaScript error: resource://devtools-client-jsonview/lib/require.js, line 170: Error: Script error for: devtools/client/shared/components/reps/reps/promise
http://requirejs.org/docs/errors.html#scripterror
JavaScript error: resource://devtools-client-jsonview/lib/require.js, line 170: Error: Script error for: devtools/client/shared/components/reps/reps/regexp
http://requirejs.org/docs/errors.html#scripterror
JavaScript error: resource://devtools-client-jsonview/lib/require.js, line 170: Error: Script error for: devtools/client/shared/components/reps/reps/stylesheet
http://requirejs.org/docs/errors.html#scripterror
JavaScript error: resource://devtools-client-jsonview/lib/require.js, line 170: Error: Script error for: devtools/client/shared/components/reps/reps/comment-node
http://requirejs.org/docs/errors.html#scripterror
JavaScript error: resource://devtools-client-jsonview/lib/require.js, line 170: Error: Script error for: devtools/client/shared/components/reps/reps/element-node
http://requirejs.org/docs/errors.html#scripterror
JavaScript error: resource://devtools-client-jsonview/lib/require.js, line 170: Error: Script error for: devtools/client/shared/components/reps/reps/text-node
http://requirejs.org/docs/errors.html#scripterror
JavaScript error: resource://devtools-client-jsonview/lib/require.js, line 170: Error: Script error for: devtools/client/shared/components/reps/reps/error
http://requirejs.org/docs/errors.html#scripterror
JavaScript error: resource://devtools-client-jsonview/lib/require.js, line 170: Error: Script error for: devtools/client/shared/components/reps/reps/window
http://requirejs.org/docs/errors.html#scripterror
JavaScript error: resource://devtools-client-jsonview/lib/require.js, line 170: Error: Script error for: devtools/client/shared/components/reps/reps/object-with-text
http://requirejs.org/docs/errors.html#scripterror
JavaScript error: resource://devtools-client-jsonview/lib/require.js, line 170: Error: Script error for: devtools/client/shared/components/reps/reps/object-with-url
http://requirejs.org/docs/errors.html#scripterror
JavaScript error: resource://devtools-client-jsonview/lib/require.js, line 170: Error: Script error for: devtools/client/shared/components/reps/reps/grip-array
http://requirejs.org/docs/errors.html#scripterror
JavaScript error: resource://devtools-client-jsonview/lib/require.js, line 170: Error: Script error for: devtools/client/shared/components/reps/reps/grip-map
http://requirejs.org/docs/errors.html#scripterror
JavaScript error: resource://devtools-client-jsonview/lib/require.js, line 170: Error: Script error for: devtools/client/shared/components/reps/reps/grip-map-entry
http://requirejs.org/docs/errors.html#scripterror
JavaScript error: resource://devtools-client-jsonview/lib/require.js, line 170: Error: Script error for: devtools/client/shared/components/reps/reps/grip
http://requirejs.org/docs/errors.html#scripterror
JavaScript error: resource://devtools-client-jsonview/lib/require.js, line 170: Error: Script error for: devtools/client/shared/components/tree/TreeCell
http://requirejs.org/docs/errors.html#scripterror
JavaScript error: resource://devtools-client-jsonview/lib/require.js, line 170: Error: Script error for: devtools/client/shared/components/tree/LabelCell
http://requirejs.org/docs/errors.html#scripterror
JavaScript error: resource://devtools-client-jsonview/lib/require.js, line 170: Error: Script error for: devtools/client/shared/focus
http://requirejs.org/docs/errors.html#scripterror
1619459774463	mozrunner::runner	INFO	Running command: "/usr/bin/firefox" "-marionette" "-foreground" "-no-remote" "-profile" "/tmp/rust_mozprofile.oF2yj92ZOZm0"
console.warn: SearchSettings: "get: No settings file exists, new profile?" (new Error("", "(unknown module)"))
1619459777283	Marionette	INFO	Listening on port 39751
1619459777395	Marionette	WARN	TLS certificate errors will be ignored for this session
1619459778546	Marionette	INFO	Stopped listening on port 39751
JavaScript error: resource://gre/modules/UrlClassifierListManager.jsm, line 691: TypeError: this.tablesData[table] is undefined
JavaScript error: resource://devtools-client-jsonview/lib/require.js, line 170: Error: Script error for: devtools/client/shared/components/reps/reps/grip
http://requirejs.org/docs/errors.html#scripterror
JavaScript error: resource://devtools-client-jsonview/lib/require.js, line 170: Error: Script error for: devtools/client/shared/components/tree/TreeCell
http://requirejs.org/docs/errors.html#scripterror
JavaScript error: resource://devtools-client-jsonview/lib/require.js, line 170: Error: Script error for: devtools/client/shared/components/tree/LabelCell
http://requirejs.org/docs/errors.html#scripterror
JavaScript error: resource://devtools-client-jsonview/lib/require.js, line 170: Error: Script error for: devtools/client/shared/focus
http://requirejs.org/docs/errors.html#scripterror
JavaScript error: resource://devtools-client-jsonview/lib/require.js, line 170: Error: Script error for: devtools/client/shared/components/reps/reps/rep-utils
http://requirejs.org/docs/errors.html#scripterror
JavaScript error: resource://devtools-client-jsonview/lib/require.js, line 170: Error: Script error for: devtools/client/shared/components/reps/shared/dom-node-constants
http://requirejs.org/docs/errors.html#scripterror
JavaScript error: resource://devtools-client-jsonview/lib/require.js, line 170: Error: Script error for: devtools/client/shared/components/reps/reps/prop-rep
http://requirejs.org/docs/errors.html#scripterror

###!!! [Parent][RunMessage] Error: Channel closing: too late to send/recv, messages will be lost

1619459779194	mozrunner::runner	INFO	Running command: "/usr/bin/firefox" "-marionette" "-foreground" "-no-remote" "-profile" "/tmp/rust_mozprofile.Z7XhowDMAEad"
console.warn: SearchSettings: "get: No settings file exists, new profile?" (new Error("", "(unknown module)"))
1619459781861	Marionette	INFO	Listening on port 45275
1619459781921	Marionette	WARN	TLS certificate errors will be ignored for this session
1619459793048	Marionette	INFO	Stopped listening on port 45275

###!!! [Parent][RunMessage] Error: Channel closing: too late to send/recv, messages will be lost

1619459793683	mozrunner::runner	INFO	Running command: "/usr/bin/firefox" "-marionette" "-foreground" "-no-remote" "-profile" "/tmp/rust_mozprofile.i9erOkHC7BY4"
console.warn: SearchSettings: "get: No settings file exists, new profile?" (new Error("", "(unknown module)"))
1619459796550	Marionette	INFO	Listening on port 34267
1619459796609	Marionette	WARN	TLS certificate errors will be ignored for this session
1619459807706	Marionette	INFO	Stopped listening on port 34267

###!!! [Parent][RunMessage] Error: Channel closing: too late to send/recv, messages will be lost

1619459808356	mozrunner::runner	INFO	Running command: "/usr/bin/firefox" "-marionette" "-foreground" "-no-remote" "-profile" "/tmp/rust_mozprofile.oCshy6IoG0lM"
console.warn: SearchSettings: "get: No settings file exists, new profile?" (new Error("", "(unknown module)"))
1619459810966	Marionette	INFO	Listening on port 37439
1619459811083	Marionette	WARN	TLS certificate errors will be ignored for this session
1619459822234	Marionette	INFO	Stopped listening on port 37439
1619459822864	mozrunner::runner	INFO	Running command: "/usr/bin/firefox" "-marionette" "-foreground" "-no-remote" "-profile" "/tmp/rust_mozprofile.BD3LeZwYcvqg"
console.warn: SearchSettings: "get: No settings file exists, new profile?" (new Error("", "(unknown module)"))
1619459825721	Marionette	INFO	Listening on port 34849
1619459825795	Marionette	WARN	TLS certificate errors will be ignored for this session
1619459836861	Marionette	INFO	Stopped listening on port 34849

###!!! [Parent][RunMessage] Error: Channel closing: too late to send/recv, messages will be lost

1619459837477	mozrunner::runner	INFO	Running command: "/usr/bin/firefox" "-marionette" "-foreground" "-no-remote" "-profile" "/tmp/rust_mozprofile.iwDbe853N2sw"
console.warn: SearchSettings: "get: No settings file exists, new profile?" (new Error("", "(unknown module)"))
1619459840370	Marionette	INFO	Listening on port 46835
1619459840410	Marionette	WARN	TLS certificate errors will be ignored for this session
1619459841737	Marionette	INFO	Stopped listening on port 46835
JavaScript error: resource://gre/modules/UrlClassifierListManager.jsm, line 691: TypeError: this.tablesData[table] is undefined
JavaScript error: resource://devtools-client-jsonview/lib/require.js, line 170: Error: Script error for: devtools/client/shared/components/reps/reps/rep-utils
http://requirejs.org/docs/errors.html#scripterror
JavaScript error: resource://devtools-client-jsonview/lib/require.js, line 170: Error: Script error for: devtools/client/shared/components/reps/shared/dom-node-constants
http://requirejs.org/docs/errors.html#scripterror
JavaScript error: resource://devtools-client-jsonview/lib/require.js, line 170: Error: Script error for: devtools/client/shared/components/reps/reps/prop-rep
http://requirejs.org/docs/errors.html#scripterror
1619459842283	mozrunner::runner	INFO	Running command: "/usr/bin/firefox" "-marionette" "-foreground" "-no-remote" "-profile" "/tmp/rust_mozprofile.0pul2cMfwUWq"
console.warn: SearchSettings: "get: No settings file exists, new profile?" (new Error("", "(unknown module)"))
1619459844943	Marionette	INFO	Listening on port 38253
1619459845011	Marionette	WARN	TLS certificate errors will be ignored for this session
1619459856081	Marionette	INFO	Stopped listening on port 38253
1619459856695	mozrunner::runner	INFO	Running command: "/usr/bin/firefox" "-marionette" "-foreground" "-no-remote" "-profile" "/tmp/rust_mozprofile.Yjm0MsqAzm7r"
console.warn: SearchSettings: "get: No settings file exists, new profile?" (new Error("", "(unknown module)"))
1619459859868	Marionette	INFO	Listening on port 38413
1619459859926	Marionette	WARN	TLS certificate errors will be ignored for this session
1619459860578	Marionette	INFO	Stopped listening on port 38413

###!!! [Parent][RunMessage] Error: Channel closing: too late to send/recv, messages will be lost

1619460016450	mozrunner::runner	INFO	Running command: "/usr/bin/firefox" "-marionette" "-foreground" "-no-remote" "-profile" "/tmp/rust_mozprofile.B1cQaKpqCgaa"
console.warn: SearchSettings: "get: No settings file exists, new profile?" (new Error("", "(unknown module)"))
1619460019491	Marionette	INFO	Listening on port 43517
1619460019577	Marionette	WARN	TLS certificate errors will be ignored for this session
1619460020417	Marionette	INFO	Stopped listening on port 43517
JavaScript error: resource://devtools-client-jsonview/lib/require.js, line 170: Error: Script error for: devtools/client/jsonview/components/Headers
http://requirejs.org/docs/errors.html#scripterror
JavaScript error: resource://devtools-client-jsonview/lib/require.js, line 170: Error: Script error for: devtools/client/jsonview/components/HeadersToolbar
http://requirejs.org/docs/errors.html#scripterror
JavaScript error: resource://devtools-client-shared/components/tree/TreeHeader.js, line 11: TypeError: dom is undefined
JavaScript error: resource://devtools-client-jsonview/lib/require.js, line 170: Error: Script error for: devtools/client/jsonview/components/SearchBox
http://requirejs.org/docs/errors.html#scripterror
JavaScript error: resource://devtools-client-jsonview/lib/require.js, line 170: Error: Script error for: devtools/client/jsonview/components/reps/Toolbar
http://requirejs.org/docs/errors.html#scripterror
1619460021037	mozrunner::runner	INFO	Running command: "/usr/bin/firefox" "-marionette" "-foreground" "-no-remote" "-profile" "/tmp/rust_mozprofile.YUbeLel5yfbW"
console.warn: SearchSettings: "get: No settings file exists, new profile?" (new Error("", "(unknown module)"))
1619460023923	Marionette	INFO	Listening on port 40233
1619460023966	Marionette	WARN	TLS certificate errors will be ignored for this session
1619460024616	Marionette	INFO	Stopped listening on port 40233
JavaScript error: resource://devtools-client-jsonview/lib/require.js, line 170: Error: Script error for: devtools/client/jsonview/components/SearchBox
http://requirejs.org/docs/errors.html#scripterror
JavaScript error: resource://devtools-client-jsonview/lib/require.js, line 170: Error: Script error for: devtools/client/jsonview/components/reps/Toolbar
http://requirejs.org/docs/errors.html#scripterror
JavaScript error: resource://devtools-client-jsonview/lib/require.js, line 170: Error: Script error for: devtools/client/shared/components/tree/TreeCell
http://requirejs.org/docs/errors.html#scripterror
JavaScript error: resource://devtools-client-jsonview/lib/require.js, line 170: Error: Script error for: devtools/client/shared/components/tree/LabelCell
http://requirejs.org/docs/errors.html#scripterror
JavaScript error: resource://devtools-client-jsonview/lib/require.js, line 170: Error: Script error for: devtools/client/shared/focus
http://requirejs.org/docs/errors.html#scripterror
JavaScript error: resource://devtools-client-jsonview/lib/require.js, line 170: Error: Script error for: devtools/client/shared/components/reps/reps/undefined
http://requirejs.org/docs/errors.html#scripterror
JavaScript error: resource://devtools-client-jsonview/lib/require.js, line 170: Error: Script error for: devtools/client/shared/components/reps/reps/string
http://requirejs.org/docs/errors.html#scripterror
JavaScript error: resource://devtools-client-jsonview/lib/require.js, line 170: Error: Script error for: devtools/client/shared/components/reps/reps/null
http://requirejs.org/docs/errors.html#scripterror
JavaScript error: resource://devtools-client-jsonview/lib/require.js, line 170: Error: Script error for: devtools/client/shared/components/reps/reps/number
http://requirejs.org/docs/errors.html#scripterror
JavaScript error: resource://devtools-client-jsonview/lib/require.js, line 170: Error: Script error for: devtools/client/shared/components/reps/reps/array
http://requirejs.org/docs/errors.html#scripterror
JavaScript error: resource://devtools-client-jsonview/lib/require.js, line 170: Error: Script error for: devtools/client/shared/components/reps/reps/object
http://requirejs.org/docs/errors.html#scripterror
JavaScript error: resource://devtools-client-jsonview/lib/require.js, line 170: Error: Script error for: devtools/client/shared/components/reps/reps/symbol
http://requirejs.org/docs/errors.html#scripterror
JavaScript error: resource://devtools-client-jsonview/lib/require.js, line 170: Error: Script error for: devtools/client/shared/components/reps/reps/infinity
http://requirejs.org/docs/errors.html#scripterror
JavaScript error: resource://devtools-client-jsonview/lib/require.js, line 170: Error: Script error for: devtools/client/shared/components/reps/reps/nan
http://requirejs.org/docs/errors.html#scripterror
JavaScript error: resource://devtools-client-jsonview/lib/require.js, line 170: Error: Script error for: devtools/client/shared/components/reps/reps/accessor
http://requirejs.org/docs/errors.html#scripterror
JavaScript error: resource://devtools-client-jsonview/lib/require.js, line 170: Error: Script error for: devtools/client/shared/components/reps/reps/accessible
http://requirejs.org/docs/errors.html#scripterror
JavaScript error: resource://devtools-client-jsonview/lib/require.js, line 170: Error: Script error for: devtools/client/shared/components/reps/reps/attribute
http://requirejs.org/docs/errors.html#scripterror
JavaScript error: resource://devtools-client-jsonview/lib/require.js, line 170: Error: Script error for: devtools/client/shared/components/reps/reps/big-int
http://requirejs.org/docs/errors.html#scripterror
JavaScript error: resource://devtools-client-jsonview/lib/require.js, line 170: Error: Script error for: devtools/client/shared/components/reps/reps/date-time
http://requirejs.org/docs/errors.html#scripterror
JavaScript error: resource://devtools-client-jsonview/lib/require.js, line 170: Error: Script error for: devtools/client/shared/components/reps/reps/document
http://requirejs.org/docs/errors.html#scripterror
JavaScript error: resource://devtools-client-jsonview/lib/require.js, line 170: Error: Script error for: devtools/client/shared/components/reps/reps/document-type
http://requirejs.org/docs/errors.html#scripterror
JavaScript error: resource://devtools-client-jsonview/lib/require.js, line 170: Error: Script error for: devtools/client/shared/components/reps/reps/event
http://requirejs.org/docs/errors.html#scripterror
JavaScript error: resource://devtools-client-jsonview/lib/require.js, line 170: Error: Script error for: devtools/client/shared/components/reps/reps/function
http://requirejs.org/docs/errors.html#scripterror
JavaScript error: resource://devtools-client-jsonview/lib/require.js, line 170: Error: Script error for: devtools/client/shared/components/reps/reps/promise
http://requirejs.org/docs/errors.html#scripterror
JavaScript error: resource://devtools-client-jsonview/lib/require.js, line 170: Error: Script error for: devtools/client/shared/components/reps/reps/regexp
http://requirejs.org/docs/errors.html#scripterror
JavaScript error: resource://devtools-client-jsonview/lib/require.js, line 170: Error: Script error for: devtools/client/shared/components/reps/reps/stylesheet
http://requirejs.org/docs/errors.html#scripterror
JavaScript error: resource://devtools-client-jsonview/lib/require.js, line 170: Error: Script error for: devtools/client/shared/components/reps/reps/comment-node
http://requirejs.org/docs/errors.html#scripterror
JavaScript error: resource://devtools-client-jsonview/lib/require.js, line 170: Error: Script error for: devtools/client/shared/components/reps/reps/element-node
http://requirejs.org/docs/errors.html#scripterror
JavaScript error: resource://devtools-client-jsonview/lib/require.js, line 170: Error: Script error for: devtools/client/shared/components/reps/reps/text-node
http://requirejs.org/docs/errors.html#scripterror
JavaScript error: resource://devtools-client-jsonview/lib/require.js, line 170: Error: Script error for: devtools/client/shared/components/reps/reps/error
http://requirejs.org/docs/errors.html#scripterror
JavaScript error: resource://devtools-client-jsonview/lib/require.js, line 170: Error: Script error for: devtools/client/shared/components/reps/reps/window
http://requirejs.org/docs/errors.html#scripterror
JavaScript error: resource://devtools-client-jsonview/lib/require.js, line 170: Error: Script error for: devtools/client/shared/components/reps/reps/object-with-text
http://requirejs.org/docs/errors.html#scripterror
JavaScript error: resource://devtools-client-jsonview/lib/require.js, line 170: Error: Script error for: devtools/client/shared/components/reps/reps/object-with-url
http://requirejs.org/docs/errors.html#scripterror
JavaScript error: resource://devtools-client-jsonview/lib/require.js, line 170: Error: Script error for: devtools/client/shared/components/reps/reps/grip-array
http://requirejs.org/docs/errors.html#scripterror
JavaScript error: resource://devtools-client-jsonview/lib/require.js, line 170: Error: Script error for: devtools/client/shared/components/reps/reps/grip-map
http://requirejs.org/docs/errors.html#scripterror
JavaScript error: resource://devtools-client-jsonview/lib/require.js, line 170: Error: Script error for: devtools/client/shared/components/reps/reps/grip-map-entry
http://requirejs.org/docs/errors.html#scripterror
JavaScript error: resource://devtools-client-jsonview/lib/require.js, line 170: Error: Script error for: devtools/client/shared/components/reps/reps/grip
http://requirejs.org/docs/errors.html#scripterror
1619460261046	mozrunner::runner	INFO	Running command: "/usr/bin/firefox" "-marionette" "-foreground" "-no-remote" "-profile" "/tmp/rust_mozprofile.FKlOmqnoW6eh"
console.warn: SearchSettings: "get: No settings file exists, new profile?" (new Error("", "(unknown module)"))
1619460263957	Marionette	INFO	Listening on port 36879
1619460263991	Marionette	WARN	TLS certificate errors will be ignored for this session
1619460265040	Marionette	INFO	Stopped listening on port 36879
JavaScript error: resource://devtools-client-jsonview/lib/require.js, line 170: Error: Script error for: devtools/client/shared/components/reps/reps/rep-utils
http://requirejs.org/docs/errors.html#scripterror
JavaScript error: resource://devtools-client-jsonview/lib/require.js, line 170: Error: Script error for: devtools/client/shared/components/reps/shared/dom-node-constants
http://requirejs.org/docs/errors.html#scripterror
JavaScript error: resource://devtools-client-jsonview/lib/require.js, line 170: Error: Script error for: devtools/client/shared/components/reps/reps/prop-rep
http://requirejs.org/docs/errors.html#scripterror

###!!! [Parent][RunMessage] Error: Channel closing: too late to send/recv, messages will be lost

1619460265834	mozrunner::runner	INFO	Running command: "/usr/bin/firefox" "-marionette" "-foreground" "-no-remote" "-profile" "/tmp/rust_mozprofile.0sKoR2Tr3EZi"
console.warn: SearchSettings: "get: No settings file exists, new profile?" (new Error("", "(unknown module)"))
1619460268976	Marionette	INFO	Listening on port 33699
1619460269062	Marionette	WARN	TLS certificate errors will be ignored for this session
1619460270028	Marionette	INFO	Stopped listening on port 33699
JavaScript error: resource://gre/modules/Sqlite.jsm, line 1030: Error: Sqlite.jsm has been shutdown. Cannot open connection to: /tmp/rust_mozprofile.0sKoR2Tr3EZi/protections.sqlite

###!!! [Parent][RunMessage] Error: Channel closing: too late to send/recv, messages will be lost

